npm verbose cli C:\nvm\nodejs\node.exe C:\nvm\nodejs\node_modules\npm\bin\npm-cli.js
npm info using npm@10.9.2
npm info using node@v22.17.0
npm verbose title npm run build
npm verbose argv "run" "build" "--loglevel" "verbose"
npm verbose logfile logs-max:10 dir:C:\Users\Robert Cushman\AppData\Local\npm-cache\_logs\2025-09-06T23_04_40_628Z-
npm verbose logfile C:\Users\Robert Cushman\AppData\Local\npm-cache\_logs\2025-09-06T23_04_40_628Z-debug-0.log

> titan-core@0.0.1 build
> astro check && astro build

17:04:42 [content] Syncing content
17:04:42 [content] Synced content
17:04:42 [types] Generated 174ms
17:04:42 [check] Getting diagnostics for Astro files in C:\Users\Robert Cushman\.vscode\Projects\ny-eng...
[96msrc/components/ExpandableTestimonialCard.astro[0m:[93m4[0m:[93m1[0m - [93mwarning[0m[90m ts(6133): [0m'Button' is declared but its value is never read.

[7m4[0m import Button from "@components/ui/Button.astro";
[7m [0m [93m~~~~~~~~~~~~~~~~~~~~~~~~~~~~~~~~~~~~~~~~~~~~~~~~~[0m

[96msrc/components/TestimonialCard.astro[0m:[93m4[0m:[93m1[0m - [93mwarning[0m[90m ts(6133): [0m'Button' is declared but its value is never read.

[7m4[0m import Button from "@components/ui/Button.astro";
[7m [0m [93m~~~~~~~~~~~~~~~~~~~~~~~~~~~~~~~~~~~~~~~~~~~~~~~~~[0m

[96msrc/components/blog/BlogList.astro[0m:[93m5[0m:[93m1[0m - [93mwarning[0m[90m ts(6133): [0m'getCollection' is declared but its value is never read.

[7m5[0m import { getCollection } from 'astro:content';
[7m [0m [93m~~~~~~~~~~~~~~~~~~~~~~~~~~~~~~~~~~~~~~~~~~~~~~[0m

[96msrc/components/blog/BlogPost.astro[0m:[93m77[0m:[93m23[0m - [93mwarning[0m[90m ts(6385): [0m'event' is deprecated.

[7m77[0m         <div onclick="event.stopPropagation()">
[7m  [0m [93m                      ~~~~~[0m

[96msrc/components/blog/PaginatedBlogLayout.astro[0m:[93m44[0m:[93m3[0m - [93mwarning[0m[90m ts(6133): [0m'languageAlternates' is declared but its value is never read.

[7m44[0m   languageAlternates
[7m  [0m [93m  ~~~~~~~~~~~~~~~~~~[0m
[96msrc/components/blog/PaginatedBlogLayout.astro[0m:[93m37[0m:[93m3[0m - [93mwarning[0m[90m ts(6133): [0m'heroImageAlt' is declared but its value is never read.

[7m37[0m   heroImageAlt = "Blog image",
[7m  [0m [93m  ~~~~~~~~~~~~[0m

[96msrc/components/sections/CtaBanner.astro[0m:[93m2[0m:[93m79[0m - [93mwarning[0m[90m ts(6133): [0m'getEyebrowColor' is declared but its value is never read.

[7m2[0m import { getBackgroundColor, getTextColor, getPaddingClass, getHeadlineColor, getEyebrowColor } from '@utils/styleUtils';
[7m [0m [93m                                                                              ~~~~~~~~~~~~~~~[0m

[96msrc/components/sections/Hero.astro[0m:[93m12[0m:[93m11[0m - [93mwarning[0m[90m ts(6196): [0m'HeroContent' is declared but never used.

[7m12[0m interface HeroContent {
[7m  [0m [93m          ~~~~~~~~~~~[0m

[96msrc/components/sections/Logos.astro[0m:[93m22[0m:[93m35[0m - [93mwarning[0m[90m ts(6133): [0m'subheadline' is declared but its value is never read.

[7m22[0m     content: { eyebrow, headline, subheadline, logos },
[7m  [0m [93m                                  ~~~~~~~~~~~[0m
[96msrc/components/sections/Logos.astro[0m:[93m22[0m:[93m25[0m - [93mwarning[0m[90m ts(6133): [0m'headline' is declared but its value is never read.

[7m22[0m     content: { eyebrow, headline, subheadline, logos },
[7m  [0m [93m                        ~~~~~~~~[0m

[96msrc/components/ui/CategoryPill.astro[0m:[93m3[0m:[93m22[0m - [93mwarning[0m[90m ts(6133): [0m'getCategoryBySlug' is declared but its value is never read.

[7m3[0m import { categories, getCategoryBySlug } from '../../data/categories';
[7m [0m [93m                     ~~~~~~~~~~~~~~~~~[0m

[96msrc/components/ui/ItemGrid2.astro[0m:[93m36[0m:[93m71[0m - [91merror[0m[90m ts(2559): [0mType 'string' has no properties in common with type '{ container?: string | undefined; panel?: string | undefined; title?: string | undefined; description?: string | undefined; icon?: string | undefined; action?: string | undefined; }'.

[7m36[0m   <ItemGrid items={items} columns={columns} defaultIcon={defaultIcon} classes={classes?.items} />
[7m  [0m [91m                                                                      ~~~~~~~[0m
[96msrc/components/ui/ItemGrid2.astro[0m:[93m36[0m:[93m13[0m - [91merror[0m[90m ts(2322): [0mType 'import("C:/Users/Robert Cushman/.vscode/Projects/ny-eng/src/types/index", { with: { "resolution-mode": "import" } }).Item[]' is not assignable to type 'Item[]'.
  Type 'import("C:/Users/Robert Cushman/.vscode/Projects/ny-eng/src/types/index", { with: { "resolution-mode": "import" } }).Item' is not assignable to type 'Item'.

[7m36[0m   <ItemGrid items={items} columns={columns} defaultIcon={defaultIcon} classes={classes?.items} />
[7m  [0m [91m            ~~~~~[0m

[96msrc/components/ui/form/Checkbox.astro[0m:[93m32[0m:[93m7[0m - [93mwarning[0m[90m ts(6133): [0m'bgClass' is declared but its value is never read.

[7m32[0m const bgClass = getBackgroundColor(background === 'dark' ? 'light' : 'base');
[7m  [0m [93m      ~~~~~~~[0m
[96msrc/components/ui/form/Checkbox.astro[0m:[93m31[0m:[93m7[0m - [93mwarning[0m[90m ts(6133): [0m'textClass' is declared but its value is never read.

[7m31[0m const textClass = getTextColor(background);
[7m  [0m [93m      ~~~~~~~~~[0m

[96msrc/components/ui/form/Radio.astro[0m:[93m33[0m:[93m7[0m - [93mwarning[0m[90m ts(6133): [0m'bgClass' is declared but its value is never read.

[7m33[0m const bgClass = getBackgroundColor(background === 'dark' ? 'light' : 'base');
[7m  [0m [93m      ~~~~~~~[0m
[96msrc/components/ui/form/Radio.astro[0m:[93m32[0m:[93m7[0m - [93mwarning[0m[90m ts(6133): [0m'textClass' is declared but its value is never read.

[7m32[0m const textClass = getTextColor(background);
[7m  [0m [93m      ~~~~~~~~~[0m

[96msrc/components/ui/form/Select.astro[0m:[93m34[0m:[93m7[0m - [93mwarning[0m[90m ts(6133): [0m'bgClass' is declared but its value is never read.

[7m34[0m const bgClass = getBackgroundColor(background === 'dark' ? 'light' : 'base');
[7m  [0m [93m      ~~~~~~~[0m
[96msrc/components/ui/form/Select.astro[0m:[93m33[0m:[93m7[0m - [93mwarning[0m[90m ts(6133): [0m'textClass' is declared but its value is never read.

[7m33[0m const textClass = getTextColor(background);
[7m  [0m [93m      ~~~~~~~~~[0m

[96msrc/components/ui/form/Textarea.astro[0m:[93m39[0m:[93m7[0m - [93mwarning[0m[90m ts(6133): [0m'bgClass' is declared but its value is never read.

[7m39[0m const bgClass = getBackgroundColor(background === "dark" ? "light" : "base");
[7m  [0m [93m      ~~~~~~~[0m
[96msrc/components/ui/form/Textarea.astro[0m:[93m38[0m:[93m7[0m - [93mwarning[0m[90m ts(6133): [0m'textClass' is declared but its value is never read.

[7m38[0m const textClass = getTextColor(background);
[7m  [0m [93m      ~~~~~~~~~[0m

[96msrc/content/config.ts[0m:[93m5[0m:[93m7[0m - [93mwarning[0m[90m ts(6133): [0m'categoryNames' is declared but its value is never read.

[7m5[0m const categoryNames = categories.map((category: { name: string }) => category.name);
[7m [0m [93m      ~~~~~~~~~~~~~[0m

[96msrc/data/services.ts[0m:[93m25[0m:[93m1[0m - [93mwarning[0m[90m ts(6133): [0m'technicalSalesSquareImage' is declared but its value is never read.

[7m25[0m import technicalSalesSquareImage from "@assets/images/industries/technical-sales.jpg";
[7m  [0m [93m~~~~~~~~~~~~~~~~~~~~~~~~~~~~~~~~~~~~~~~~~~~~~~~~~~~~~~~~~~~~~~~~~~~~~~~~~~~~~~~~~~~~~~[0m
[96msrc/data/services.ts[0m:[93m19[0m:[93m1[0m - [93mwarning[0m[90m ts(6133): [0m'interviewPrepSquareImage' is declared but its value is never read.

[7m19[0m import interviewPrepSquareImage from "@assets/images/industries/interview-prep.jpg";
[7m  [0m [93m~~~~~~~~~~~~~~~~~~~~~~~~~~~~~~~~~~~~~~~~~~~~~~~~~~~~~~~~~~~~~~~~~~~~~~~~~~~~~~~~~~~~[0m
[96msrc/data/services.ts[0m:[93m17[0m:[93m1[0m - [93mwarning[0m[90m ts(6133): [0m'executiveEngSquareImage' is declared but its value is never read.

[7m17[0m import executiveEngSquareImage from "@assets/images/industries/executive-eng.jpg";
[7m  [0m [93m~~~~~~~~~~~~~~~~~~~~~~~~~~~~~~~~~~~~~~~~~~~~~~~~~~~~~~~~~~~~~~~~~~~~~~~~~~~~~~~~~~[0m
[96msrc/data/services.ts[0m:[93m11[0m:[93m1[0m - [93mwarning[0m[90m ts(6133): [0m'interviewPrepImage' is declared but its value is never read.

[7m11[0m import interviewPrepImage from "@assets/images/services/interview-prep-services.jpg";
[7m  [0m [93m~~~~~~~~~~~~~~~~~~~~~~~~~~~~~~~~~~~~~~~~~~~~~~~~~~~~~~~~~~~~~~~~~~~~~~~~~~~~~~~~~~~~~[0m
[96msrc/data/services.ts[0m:[93m8[0m:[93m1[0m - [93mwarning[0m[90m ts(6133): [0m'technicalSalesImage' is declared but its value is never read.

[7m8[0m import technicalSalesImage from "@assets/images/services/technical-sales-services.jpg";
[7m [0m [93m~~~~~~~~~~~~~~~~~~~~~~~~~~~~~~~~~~~~~~~~~~~~~~~~~~~~~~~~~~~~~~~~~~~~~~~~~~~~~~~~~~~~~~~[0m
[96msrc/data/services.ts[0m:[93m4[0m:[93m1[0m - [93mwarning[0m[90m ts(6133): [0m'serviceCategories' is declared but its value is never read.

[7m4[0m import { serviceCategories } from "@data/service-categories.js";
[7m [0m [93m~~~~~~~~~~~~~~~~~~~~~~~~~~~~~~~~~~~~~~~~~~~~~~~~~~~~~~~~~~~~~~~~[0m

[96msrc/data/testimonials-about.ts[0m:[93m17[0m:[93m1[0m - [93mwarning[0m[90m ts(6133): [0m'albertoTestimonial' is declared but its value is never read.

[7m17[0m import albertoTestimonial from '../assets/images/testimonials/alberto-testimonial.jpg';
[7m  [0m [93m~~~~~~~~~~~~~~~~~~~~~~~~~~~~~~~~~~~~~~~~~~~~~~~~~~~~~~~~~~~~~~~~~~~~~~~~~~~~~~~~~~~~~~~[0m
[96msrc/data/testimonials-about.ts[0m:[93m12[0m:[93m1[0m - [93mwarning[0m[90m ts(6133): [0m'erikaTestimonial' is declared but its value is never read.

[7m12[0m import erikaTestimonial from '../assets/images/testimonials/erika-testimonial.jpg';
[7m  [0m [93m~~~~~~~~~~~~~~~~~~~~~~~~~~~~~~~~~~~~~~~~~~~~~~~~~~~~~~~~~~~~~~~~~~~~~~~~~~~~~~~~~~~[0m
[96msrc/data/testimonials-about.ts[0m:[93m11[0m:[93m1[0m - [93mwarning[0m[90m ts(6133): [0m'emmanuelTestimonial' is declared but its value is never read.

[7m11[0m import emmanuelTestimonial from '../assets/images/testimonials/emmanuel-testimonial.jpeg';
[7m  [0m [93m~~~~~~~~~~~~~~~~~~~~~~~~~~~~~~~~~~~~~~~~~~~~~~~~~~~~~~~~~~~~~~~~~~~~~~~~~~~~~~~~~~~~~~~~~~[0m

[96msrc/data/testimonials.ts[0m:[93m17[0m:[93m1[0m - [93mwarning[0m[90m ts(6133): [0m'albertoTestimonial' is declared but its value is never read.

[7m17[0m import albertoTestimonial from '../assets/images/testimonials/alberto-testimonial.jpg';
[7m  [0m [93m~~~~~~~~~~~~~~~~~~~~~~~~~~~~~~~~~~~~~~~~~~~~~~~~~~~~~~~~~~~~~~~~~~~~~~~~~~~~~~~~~~~~~~~[0m
[96msrc/data/testimonials.ts[0m:[93m12[0m:[93m1[0m - [93mwarning[0m[90m ts(6133): [0m'erikaTestimonial' is declared but its value is never read.

[7m12[0m import erikaTestimonial from '../assets/images/testimonials/erika-testimonial.jpg';
[7m  [0m [93m~~~~~~~~~~~~~~~~~~~~~~~~~~~~~~~~~~~~~~~~~~~~~~~~~~~~~~~~~~~~~~~~~~~~~~~~~~~~~~~~~~~[0m
[96msrc/data/testimonials.ts[0m:[93m11[0m:[93m1[0m - [93mwarning[0m[90m ts(6133): [0m'emmanuelTestimonial' is declared but its value is never read.

[7m11[0m import emmanuelTestimonial from '../assets/images/testimonials/emmanuel-testimonial.jpeg';
[7m  [0m [93m~~~~~~~~~~~~~~~~~~~~~~~~~~~~~~~~~~~~~~~~~~~~~~~~~~~~~~~~~~~~~~~~~~~~~~~~~~~~~~~~~~~~~~~~~~[0m

[96msrc/i18n/utils.ts[0m:[93m15[0m:[93m6[0m - [93mwarning[0m[90m ts(6196): [0m'TranslationsType' is declared but never used.

[7m15[0m type TranslationsType = typeof en;
[7m  [0m [93m     ~~~~~~~~~~~~~~~~[0m

[96msrc/layouts/Layout.astro[0m:[93m166[0m:[93m7[0m - [93mwarning[0m[90m ts(6133): [0m'twitterUsername' is declared but its value is never read.

[7m166[0m const twitterUsername = siteConfig.Socials.xSocial.includes('x.com/')
[7m   [0m [93m      ~~~~~~~~~~~~~~~[0m
[96msrc/layouts/Layout.astro[0m:[93m156[0m:[93m5[0m - [93mwarning[0m[90m ts(6133): [0m'openGraphImagesFormatted' is declared but its value is never read.

[7m156[0m let openGraphImagesFormatted;
[7m   [0m [93m    ~~~~~~~~~~~~~~~~~~~~~~~~[0m
[96msrc/layouts/Layout.astro[0m:[93m63[0m:[93m3[0m - [93mwarning[0m[90m ts(6133): [0m'ogType' is declared but its value is never read.

[7m63[0m   ogType = 'website',
[7m  [0m [93m  ~~~~~~[0m
[96msrc/layouts/Layout.astro[0m:[93m59[0m:[93m3[0m - [93mwarning[0m[90m ts(6133): [0m'footerCta' is declared but its value is never read.

[7m59[0m   footerCta,
[7m  [0m [93m  ~~~~~~~~~[0m
[96msrc/layouts/Layout.astro[0m:[93m58[0m:[93m3[0m - [93mwarning[0m[90m ts(6133): [0m'linkedinImage' is declared but its value is never read.

[7m58[0m   linkedinImage,
[7m  [0m [93m  ~~~~~~~~~~~~~[0m
[96msrc/layouts/Layout.astro[0m:[93m57[0m:[93m3[0m - [93mwarning[0m[90m ts(6133): [0m'whatsappImage' is declared but its value is never read.

[7m57[0m   whatsappImage,
[7m  [0m [93m  ~~~~~~~~~~~~~[0m
[96msrc/layouts/Layout.astro[0m:[93m19[0m:[93m7[0m - [93mwarning[0m[90m ts(6133): [0m'defaultLang' is declared but its value is never read.

[7m19[0m const defaultLang = 'en';
[7m  [0m [93m      ~~~~~~~~~~~[0m
[96msrc/layouts/Layout.astro[0m:[93m15[0m:[93m7[0m - [93mwarning[0m[90m ts(6133): [0m'siteUrl' is declared but its value is never read.

[7m15[0m const { siteUrl } = siteConfig;
[7m  [0m [93m      ~~~~~~~~~~~[0m
[96msrc/layouts/Layout.astro[0m:[93m3[0m:[93m1[0m - [93mwarning[0m[90m ts(6133): [0m'Font' is declared but its value is never read.

[7m3[0m import { Font } from 'astro:assets';
[7m [0m [93m~~~~~~~~~~~~~~~~~~~~~~~~~~~~~~~~~~~~[0m
[96msrc/layouts/Layout.astro[0m:[93m273[0m:[93m13[0m - [93mwarning[0m[90m astro(4000): [0mThis script will be treated as if it has the `is:inline` directive because it contains an attribute. Therefore, features that require processing (e.g. using TypeScript or npm packages in the script) are unavailable.

See docs for more details: https://docs.astro.build/en/guides/client-side-scripts/#script-processing.

Add the `is:inline` directive explicitly to silence this hint.

[7m273[0m     <script src="/js/scroll.js" defer></script>
[7m   [0m [93m            ~~~[0m

[96msrc/pages/en/about.astro[0m:[93m16[0m:[93m1[0m - [93mwarning[0m[90m ts(6133): [0m'SEO' is declared but its value is never read.

[7m16[0m import { SEO } from "@data/config";
[7m  [0m [93m~~~~~~~~~~~~~~~~~~~~~~~~~~~~~~~~~~~[0m

[96msrc/pages/en/index.astro[0m:[93m166[0m:[93m7[0m - [93mwarning[0m[90m ts(6133): [0m'faqsSection' is declared but its value is never read.

[7m166[0m const faqsSection = {
[7m   [0m [93m      ~~~~~~~~~~~[0m
[96msrc/pages/en/index.astro[0m:[93m161[0m:[93m7[0m - [93mwarning[0m[90m ts(6133): [0m'logosSection' is declared but its value is never read.

[7m161[0m const logosSection = {
[7m   [0m [93m      ~~~~~~~~~~~~[0m
[96msrc/pages/en/index.astro[0m:[93m150[0m:[93m7[0m - [93mwarning[0m[90m ts(6133): [0m'mainCta' is declared but its value is never read.

[7m150[0m const mainCta = {
[7m   [0m [93m      ~~~~~~~[0m
[96msrc/pages/en/index.astro[0m:[93m134[0m:[93m7[0m - [93mwarning[0m[90m ts(6133): [0m'sideBySideStats' is declared but its value is never read.

[7m134[0m const sideBySideStats = {
[7m   [0m [93m      ~~~~~~~~~~~~~~~[0m

[96msrc/pages/en/blog/[...page].astro[0m:[93m28[0m:[93m45[0m - [93mwarning[0m[90m ts(6133): [0m'url' is declared but its value is never read.

[7m28[0m const { currentPage, data: posts, lastPage, url } = page;
[7m  [0m [93m                                            ~~~[0m

[96msrc/pages/en/blog/[...slug].astro[0m:[93m50[0m:[93m7[0m - [93mwarning[0m[90m ts(6133): [0m'postTitle' is declared but its value is never read.

[7m50[0m const postTitle = post.data.title;
[7m  [0m [93m      ~~~~~~~~~[0m
[96msrc/pages/en/blog/[...slug].astro[0m:[93m49[0m:[93m7[0m - [93mwarning[0m[90m ts(6133): [0m'postUrl' is declared but its value is never read.

[7m49[0m const postUrl = `${base}/en/blog/${postSlug}`;
[7m  [0m [93m      ~~~~~~~[0m
[96msrc/pages/en/blog/[...slug].astro[0m:[93m7[0m:[93m1[0m - [93mwarning[0m[90m ts(6133): [0m'BlogPost' is declared but its value is never read.

[7m7[0m import BlogPost from '@components/blog/BlogPost.astro';
[7m [0m [93m~~~~~~~~~~~~~~~~~~~~~~~~~~~~~~~~~~~~~~~~~~~~~~~~~~~~~~~[0m

[96msrc/pages/en/category/[category].astro[0m:[93m91[0m:[93m7[0m - [93mwarning[0m[90m ts(6133): [0m'seoDescription' is declared but its value is never read.

[7m91[0m const seoDescription = categoryData.description && categoryData.description.length > 80 ? categoryData.description : `Explore articles, tips, and resources about ${categoryData.name}. Improve your business English with in-depth posts for this category.`;
[7m  [0m [93m      ~~~~~~~~~~~~~~[0m
[96msrc/pages/en/category/[category].astro[0m:[93m90[0m:[93m7[0m - [93mwarning[0m[90m ts(6133): [0m'seoTitle' is declared but its value is never read.

[7m90[0m const seoTitle = `Posts in ${categoryData.name} | ${siteConfig.companyName}`;
[7m  [0m [93m      ~~~~~~~~[0m

[96msrc/pages/en/services/index.astro[0m:[93m53[0m:[93m7[0m - [93mwarning[0m[90m ts(6133): [0m'translationSlug' is declared but its value is never read.

[7m53[0m const translationSlug = "servicios";
[7m  [0m [93m      ~~~~~~~~~~~~~~~[0m

[96msrc/pages/en/testimonials/[industry].astro[0m:[93m3[0m:[93m10[0m - [93mwarning[0m[90m ts(6133): [0m'testimonials' is declared but its value is never read.

[7m3[0m import { testimonials, testimonialsByIndustry, industryLabels } from "@data/testimonials/en";
[7m [0m [93m         ~~~~~~~~~~~~[0m

[96msrc/pages/es/about.astro[0m:[93m319[0m:[93m42[0m - [93mwarning[0m[90m ts(6133): [0m'idx' is declared but its value is never read.

[7m319[0m                     testimonials.map((t, idx) => (
[7m   [0m [93m                                         ~~~[0m

[96msrc/pages/es/index.astro[0m:[93m179[0m:[93m7[0m - [93mwarning[0m[90m ts(6133): [0m'faqsSection' is declared but its value is never read.

[7m179[0m const faqsSection = {
[7m   [0m [93m      ~~~~~~~~~~~[0m
[96msrc/pages/es/index.astro[0m:[93m174[0m:[93m7[0m - [93mwarning[0m[90m ts(6133): [0m'logosSection' is declared but its value is never read.

[7m174[0m const logosSection = {
[7m   [0m [93m      ~~~~~~~~~~~~[0m
[96msrc/pages/es/index.astro[0m:[93m156[0m:[93m7[0m - [93mwarning[0m[90m ts(6133): [0m'sideBySideStats' is declared but its value is never read.

[7m156[0m const sideBySideStats = {
[7m   [0m [93m      ~~~~~~~~~~~~~~~[0m

[96msrc/pages/es/blog/[...page].astro[0m:[93m28[0m:[93m45[0m - [93mwarning[0m[90m ts(6133): [0m'url' is declared but its value is never read.

[7m28[0m const { currentPage, data: posts, lastPage, url } = page;
[7m  [0m [93m                                            ~~~[0m

[96msrc/pages/es/blog/[...slug].astro[0m:[93m7[0m:[93m1[0m - [93mwarning[0m[90m ts(6133): [0m'BlogPost' is declared but its value is never read.

[7m7[0m import BlogPost from '@components/blog/BlogPost.astro';
[7m [0m [93m~~~~~~~~~~~~~~~~~~~~~~~~~~~~~~~~~~~~~~~~~~~~~~~~~~~~~~~[0m

[96msrc/pages/es/category/[category].astro[0m:[93m92[0m:[93m7[0m - [93mwarning[0m[90m ts(6133): [0m'pageTitle' is declared but its value is never read.

[7m92[0m const pageTitle = `${categoryDisplayName} | Blog`;
[7m  [0m [93m      ~~~~~~~~~[0m
[96msrc/pages/es/category/[category].astro[0m:[93m5[0m:[93m10[0m - [93mwarning[0m[90m ts(6133): [0m'siteConfig' is declared but its value is never read.

[7m5[0m import { siteConfig, blogSetting } from '@data/config';
[7m [0m [93m         ~~~~~~~~~~[0m

[96msrc/pages/es/legal/[...slug].astro[0m:[93m48[0m:[93m7[0m - [93mwarning[0m[90m ts(6133): [0m'englishSlugPath' is declared but its value is never read.

[7m48[0m const englishSlugPath = `/en/legal/${baseSlug}`;
[7m  [0m [93m      ~~~~~~~~~~~~~~~[0m
[96msrc/pages/es/legal/[...slug].astro[0m:[93m33[0m:[93m7[0m - [93mwarning[0m[90m ts(6133): [0m'formattedDate' is declared but its value is never read.

[7m33[0m const formattedDate = new Intl.DateTimeFormat('es-ES', { // Use Spanish locale for date formatting
[7m  [0m [93m      ~~~~~~~~~~~~~[0m

[96msrc/pages/es/servicios/hablar-en-publico.astro[0m:[93m10[0m:[93m10[0m - [93mwarning[0m[90m ts(6133): [0m'services' is declared but its value is never read.

[7m10[0m import { services, serviciosEs } from "@data/services";
[7m  [0m [93m         ~~~~~~~~[0m

[96msrc/pages/es/servicios/index.astro[0m:[93m53[0m:[93m7[0m - [93mwarning[0m[90m ts(6133): [0m'translationSlug' is declared but its value is never read.

[7m53[0m const translationSlug = "services";
[7m  [0m [93m      ~~~~~~~~~~~~~~~[0m

[96msrc/pages/es/testimonios/[industry].astro[0m:[93m44[0m:[93m7[0m - [93mwarning[0m[90m ts(6133): [0m'translationSlugEn' is declared but its value is never read.

[7m44[0m const translationSlugEn = currentIndustry === "all"
[7m  [0m [93m      ~~~~~~~~~~~~~~~~~[0m

Result (160 files): 
- 2 errors
- 0 warnings
- 69 hints

npm verbose cwd C:\Users\Robert Cushman\.vscode\Projects\ny-eng
npm verbose os Windows_NT 10.0.26100
npm verbose node v22.17.0
npm verbose npm  v10.9.2
npm verbose exit 1
npm verbose code 1
